<?xml version="1.0" encoding="UTF-8"?>
<!-- Generated by org.testng.reporters.JUnitReportReporter -->
<testsuite skipped="0" hostname="LAPTOP-2OS39L3B" name="tests.rest.TC001_CreateIncident" tests="1" failures="0" timestamp="03 Jan 2022 13:56:13 GMT" time="5.448" errors="0">
  <testcase name="createIncident" time="5.448" classname="tests.rest.TC001_CreateIncident"/>
</testsuite> <!-- tests.rest.TC001_CreateIncident -->
