<?xml version="1.0" encoding="UTF-8"?>
<!-- Generated by org.testng.reporters.JUnitReportReporter -->
<testsuite skipped="0" hostname="LAPTOP-2OS39L3B" name="tests.selenium.TC001_CreateIncident" tests="1" failures="0" timestamp="03 Jan 2022 13:57:46 GMT" time="50.041" errors="0">
  <testcase name="createIncident" time="50.041" classname="tests.selenium.TC001_CreateIncident"/>
</testsuite> <!-- tests.selenium.TC001_CreateIncident -->
