<?xml version="1.0" encoding="UTF-8"?>
<!-- Generated by org.testng.reporters.JUnitReportReporter -->
<testsuite skipped="0" hostname="LAPTOP-2OS39L3B" name="tests.selenium.TC003_CreateIncidentUsingRestAndVerifyUsingSelenium" tests="1" failures="0" timestamp="03 Jan 2022 14:27:34 GMT" time="31.190" errors="0">
  <testcase name="createIncident" time="31.190" classname="tests.selenium.TC003_CreateIncidentUsingRestAndVerifyUsingSelenium"/>
</testsuite> <!-- tests.selenium.TC003_CreateIncidentUsingRestAndVerifyUsingSelenium -->
