<?xml version="1.0" encoding="UTF-8"?>
<!-- Generated by org.testng.reporters.JUnitReportReporter -->
<testsuite skipped="0" hostname="LAPTOP-2OS39L3B" name="tests.selenium.TC002_CreateIncidentAndGetFromRest" tests="1" failures="0" timestamp="03 Jan 2022 14:24:40 GMT" time="52.315" errors="0">
  <testcase name="createIncident" time="52.315" classname="tests.selenium.TC002_CreateIncidentAndGetFromRest"/>
</testsuite> <!-- tests.selenium.TC002_CreateIncidentAndGetFromRest -->
