<?xml version="1.0" encoding="UTF-8"?>
<!-- Generated by org.testng.reporters.JUnitReportReporter -->
<testsuite skipped="0" hostname="LAPTOP-2OS39L3B" name="tests.rest.TC002_GetIncident" tests="1" failures="0" timestamp="03 Jan 2022 13:56:33 GMT" time="5.527" errors="0">
  <testcase name="getIncident" time="5.527" classname="tests.rest.TC002_GetIncident"/>
</testsuite> <!-- tests.rest.TC002_GetIncident -->
